[Mon Sep 02 11:39:59.932937 2024] [ssl:warn] [pid 3168:tid 436] AH01909: www.example.com:443:0 server certificate does NOT include an ID which matches the server name
[Mon Sep 02 11:39:59.986791 2024] [ssl:warn] [pid 3168:tid 436] AH01909: www.example.com:443:0 server certificate does NOT include an ID which matches the server name
[Mon Sep 02 11:40:00.042642 2024] [mpm_winnt:notice] [pid 3168:tid 436] AH00455: Apache/2.4.58 (Win64) OpenSSL/3.1.3 PHP/8.2.12 configured -- resuming normal operations
[Mon Sep 02 11:40:00.042642 2024] [mpm_winnt:notice] [pid 3168:tid 436] AH00456: Apache Lounge VS17 Server built: Oct 18 2023 13:03:18
[Mon Sep 02 11:40:00.042642 2024] [core:notice] [pid 3168:tid 436] AH00094: Command line: 'C:\\xampp\\apache\\bin\\httpd.exe -d C:/xampp/apache'
[Mon Sep 02 11:40:00.048626 2024] [mpm_winnt:notice] [pid 3168:tid 436] AH00418: Parent: Created child process 8092
[Mon Sep 02 11:40:00.531334 2024] [ssl:warn] [pid 8092:tid 432] AH01909: www.example.com:443:0 server certificate does NOT include an ID which matches the server name
[Mon Sep 02 11:40:00.577211 2024] [ssl:warn] [pid 8092:tid 432] AH01909: www.example.com:443:0 server certificate does NOT include an ID which matches the server name
[Mon Sep 02 11:40:00.623088 2024] [mpm_winnt:notice] [pid 8092:tid 432] AH00354: Child: Starting 150 worker threads.
[Mon Sep 02 11:45:27.093264 2024] [ssl:warn] [pid 9136:tid 424] AH01909: www.example.com:443:0 server certificate does NOT include an ID which matches the server name
[Mon Sep 02 11:45:27.131163 2024] [ssl:warn] [pid 9136:tid 424] AH01909: www.example.com:443:0 server certificate does NOT include an ID which matches the server name
[Mon Sep 02 11:45:27.171058 2024] [mpm_winnt:notice] [pid 9136:tid 424] AH00455: Apache/2.4.58 (Win64) OpenSSL/3.1.3 PHP/8.2.12 configured -- resuming normal operations
[Mon Sep 02 11:45:27.171058 2024] [mpm_winnt:notice] [pid 9136:tid 424] AH00456: Apache Lounge VS17 Server built: Oct 18 2023 13:03:18
[Mon Sep 02 11:45:27.171058 2024] [core:notice] [pid 9136:tid 424] AH00094: Command line: 'c:\\xampp\\apache\\bin\\httpd.exe -d C:/xampp/apache'
[Mon Sep 02 11:45:27.174050 2024] [mpm_winnt:notice] [pid 9136:tid 424] AH00418: Parent: Created child process 1548
[Mon Sep 02 11:45:27.674664 2024] [ssl:warn] [pid 1548:tid 440] AH01909: www.example.com:443:0 server certificate does NOT include an ID which matches the server name
[Mon Sep 02 11:45:27.707558 2024] [ssl:warn] [pid 1548:tid 440] AH01909: www.example.com:443:0 server certificate does NOT include an ID which matches the server name
[Mon Sep 02 11:45:27.745457 2024] [mpm_winnt:notice] [pid 1548:tid 440] AH00354: Child: Starting 150 worker threads.
[Tue Sep 03 09:17:46.423189 2024] [ssl:warn] [pid 3480:tid 332] AH01909: www.example.com:443:0 server certificate does NOT include an ID which matches the server name
[Tue Sep 03 09:17:46.459728 2024] [core:warn] [pid 3480:tid 332] AH00098: pid file C:/xampp/apache/logs/httpd.pid overwritten -- Unclean shutdown of previous Apache run?
[Tue Sep 03 09:17:46.462721 2024] [ssl:warn] [pid 3480:tid 332] AH01909: www.example.com:443:0 server certificate does NOT include an ID which matches the server name
[Tue Sep 03 09:17:46.951437 2024] [mpm_winnt:notice] [pid 3480:tid 332] AH00455: Apache/2.4.58 (Win64) OpenSSL/3.1.3 PHP/8.2.12 configured -- resuming normal operations
[Tue Sep 03 09:17:46.951437 2024] [mpm_winnt:notice] [pid 3480:tid 332] AH00456: Apache Lounge VS17 Server built: Oct 18 2023 13:03:18
[Tue Sep 03 09:17:46.951437 2024] [core:notice] [pid 3480:tid 332] AH00094: Command line: 'c:\\xampp\\apache\\bin\\httpd.exe -d C:/xampp/apache'
[Tue Sep 03 09:17:46.955426 2024] [mpm_winnt:notice] [pid 3480:tid 332] AH00418: Parent: Created child process 8116
[Tue Sep 03 09:17:47.455165 2024] [ssl:warn] [pid 8116:tid 468] AH01909: www.example.com:443:0 server certificate does NOT include an ID which matches the server name
[Tue Sep 03 09:17:47.492067 2024] [ssl:warn] [pid 8116:tid 468] AH01909: www.example.com:443:0 server certificate does NOT include an ID which matches the server name
[Tue Sep 03 09:17:47.534951 2024] [mpm_winnt:notice] [pid 8116:tid 468] AH00354: Child: Starting 150 worker threads.
[Tue Sep 03 10:19:03.254610 2024] [php:warn] [pid 8116:tid 1860] [client ::1:54005] PHP Warning:  include_once(Database.php): Failed to open stream: No such file or directory in C:\\xampp\\htdocs\\buscaFarma\\api\\adicionar_medicamento.php on line 2
[Tue Sep 03 10:19:03.254610 2024] [php:warn] [pid 8116:tid 1860] [client ::1:54005] PHP Warning:  include_once(): Failed opening 'Database.php' for inclusion (include_path='C:\\xampp\\php\\PEAR') in C:\\xampp\\htdocs\\buscaFarma\\api\\adicionar_medicamento.php on line 2
[Tue Sep 03 10:19:03.254610 2024] [php:error] [pid 8116:tid 1860] [client ::1:54005] PHP Fatal error:  Uncaught Error: Class "Database" not found in C:\\xampp\\htdocs\\buscaFarma\\api\\adicionar_medicamento.php:4\nStack trace:\n#0 {main}\n  thrown in C:\\xampp\\htdocs\\buscaFarma\\api\\adicionar_medicamento.php on line 4
[Tue Sep 03 10:25:00.350385 2024] [php:warn] [pid 8116:tid 1836] [client ::1:54031] PHP Warning:  include_once(Database.php): Failed to open stream: No such file or directory in C:\\xampp\\htdocs\\buscaFarma\\api\\adicionar_medicamento.php on line 2
[Tue Sep 03 10:25:00.350385 2024] [php:warn] [pid 8116:tid 1836] [client ::1:54031] PHP Warning:  include_once(): Failed opening 'Database.php' for inclusion (include_path='C:\\xampp\\php\\PEAR') in C:\\xampp\\htdocs\\buscaFarma\\api\\adicionar_medicamento.php on line 2
[Tue Sep 03 10:25:00.350385 2024] [php:error] [pid 8116:tid 1836] [client ::1:54031] PHP Fatal error:  Uncaught Error: Class "Database" not found in C:\\xampp\\htdocs\\buscaFarma\\api\\adicionar_medicamento.php:4\nStack trace:\n#0 {main}\n  thrown in C:\\xampp\\htdocs\\buscaFarma\\api\\adicionar_medicamento.php on line 4
[Tue Sep 03 10:31:02.603363 2024] [php:warn] [pid 8116:tid 1860] [client ::1:54099] PHP Warning:  include_once(Database.php): Failed to open stream: No such file or directory in C:\\xampp\\htdocs\\buscaFarma\\api\\adicionar_medicamento.php on line 2
[Tue Sep 03 10:31:02.603363 2024] [php:warn] [pid 8116:tid 1860] [client ::1:54099] PHP Warning:  include_once(): Failed opening 'Database.php' for inclusion (include_path='C:\\xampp\\php\\PEAR') in C:\\xampp\\htdocs\\buscaFarma\\api\\adicionar_medicamento.php on line 2
[Tue Sep 03 10:31:02.603363 2024] [php:error] [pid 8116:tid 1860] [client ::1:54099] PHP Fatal error:  Uncaught Error: Class "Database" not found in C:\\xampp\\htdocs\\buscaFarma\\api\\adicionar_medicamento.php:4\nStack trace:\n#0 {main}\n  thrown in C:\\xampp\\htdocs\\buscaFarma\\api\\adicionar_medicamento.php on line 4
[Tue Sep 03 10:34:56.458874 2024] [php:warn] [pid 8116:tid 1860] [client ::1:54133] PHP Warning:  Undefined array key "nome" in C:\\xampp\\htdocs\\buscaFarma\\api\\adicionar_medicamento.php on line 8
[Tue Sep 03 10:34:56.458874 2024] [php:warn] [pid 8116:tid 1860] [client ::1:54133] PHP Warning:  Undefined array key "descricao" in C:\\xampp\\htdocs\\buscaFarma\\api\\adicionar_medicamento.php on line 9
[Tue Sep 03 10:34:56.458874 2024] [php:warn] [pid 8116:tid 1860] [client ::1:54133] PHP Warning:  Undefined array key "quantidade" in C:\\xampp\\htdocs\\buscaFarma\\api\\adicionar_medicamento.php on line 10
[Tue Sep 03 10:34:56.459871 2024] [php:warn] [pid 8116:tid 1860] [client ::1:54133] PHP Warning:  Undefined array key "preco" in C:\\xampp\\htdocs\\buscaFarma\\api\\adicionar_medicamento.php on line 11
[Tue Sep 03 10:34:56.459871 2024] [php:warn] [pid 8116:tid 1860] [client ::1:54133] PHP Warning:  Undefined array key "data_validade" in C:\\xampp\\htdocs\\buscaFarma\\api\\adicionar_medicamento.php on line 12
[Tue Sep 03 10:34:56.459871 2024] [php:error] [pid 8116:tid 1860] [client ::1:54133] PHP Fatal error:  Uncaught PDOException: SQLSTATE[23000]: Integrity constraint violation: 1048 Column 'nome' cannot be null in C:\\xampp\\htdocs\\buscaFarma\\api\\adicionar_medicamento.php:23\nStack trace:\n#0 C:\\xampp\\htdocs\\buscaFarma\\api\\adicionar_medicamento.php(23): PDOStatement->execute()\n#1 {main}\n  thrown in C:\\xampp\\htdocs\\buscaFarma\\api\\adicionar_medicamento.php on line 23
[Tue Sep 03 11:04:02.769720 2024] [php:warn] [pid 8116:tid 1860] [client ::1:54480] PHP Warning:  Undefined array key "id" in C:\\xampp\\htdocs\\buscaFarma\\api\\atualizar_medicamento.php on line 10
[Tue Sep 03 11:04:02.769720 2024] [php:warn] [pid 8116:tid 1860] [client ::1:54480] PHP Warning:  Undefined array key "nome" in C:\\xampp\\htdocs\\buscaFarma\\api\\atualizar_medicamento.php on line 11
[Tue Sep 03 11:04:02.769720 2024] [php:warn] [pid 8116:tid 1860] [client ::1:54480] PHP Warning:  Undefined array key "descricao" in C:\\xampp\\htdocs\\buscaFarma\\api\\atualizar_medicamento.php on line 12
[Tue Sep 03 11:04:02.769720 2024] [php:warn] [pid 8116:tid 1860] [client ::1:54480] PHP Warning:  Undefined array key "quantidade" in C:\\xampp\\htdocs\\buscaFarma\\api\\atualizar_medicamento.php on line 13
[Tue Sep 03 11:04:02.769720 2024] [php:warn] [pid 8116:tid 1860] [client ::1:54480] PHP Warning:  Undefined array key "preco" in C:\\xampp\\htdocs\\buscaFarma\\api\\atualizar_medicamento.php on line 14
[Tue Sep 03 11:04:02.770741 2024] [php:warn] [pid 8116:tid 1860] [client ::1:54480] PHP Warning:  Undefined array key "data_validade" in C:\\xampp\\htdocs\\buscaFarma\\api\\atualizar_medicamento.php on line 15
[Tue Sep 03 11:05:30.555536 2024] [php:warn] [pid 8116:tid 1864] [client ::1:54488] PHP Warning:  Undefined array key "id" in C:\\xampp\\htdocs\\buscaFarma\\api\\atualizar_medicamento.php on line 10
[Tue Sep 03 11:05:30.555536 2024] [php:warn] [pid 8116:tid 1864] [client ::1:54488] PHP Warning:  Undefined array key "nome" in C:\\xampp\\htdocs\\buscaFarma\\api\\atualizar_medicamento.php on line 11
[Tue Sep 03 11:05:30.555536 2024] [php:warn] [pid 8116:tid 1864] [client ::1:54488] PHP Warning:  Undefined array key "descricao" in C:\\xampp\\htdocs\\buscaFarma\\api\\atualizar_medicamento.php on line 12
[Tue Sep 03 11:05:30.555536 2024] [php:warn] [pid 8116:tid 1864] [client ::1:54488] PHP Warning:  Undefined array key "quantidade" in C:\\xampp\\htdocs\\buscaFarma\\api\\atualizar_medicamento.php on line 13
[Tue Sep 03 11:05:30.555536 2024] [php:warn] [pid 8116:tid 1864] [client ::1:54488] PHP Warning:  Undefined array key "preco" in C:\\xampp\\htdocs\\buscaFarma\\api\\atualizar_medicamento.php on line 14
[Tue Sep 03 11:05:30.555536 2024] [php:warn] [pid 8116:tid 1864] [client ::1:54488] PHP Warning:  Undefined array key "data_validade" in C:\\xampp\\htdocs\\buscaFarma\\api\\atualizar_medicamento.php on line 15
[Tue Sep 03 11:17:20.257151 2024] [php:error] [pid 8116:tid 1860] [client ::1:54689] script 'C:/xampp/htdocs/buscaFarma/api/remolver_medicamento.php' not found or unable to stat
[Wed Sep 04 11:54:15.771476 2024] [ssl:warn] [pid 15756:tid 436] AH01909: www.example.com:443:0 server certificate does NOT include an ID which matches the server name
[Wed Sep 04 11:54:15.810496 2024] [core:warn] [pid 15756:tid 436] AH00098: pid file C:/xampp/apache/logs/httpd.pid overwritten -- Unclean shutdown of previous Apache run?
[Wed Sep 04 11:54:15.813491 2024] [ssl:warn] [pid 15756:tid 436] AH01909: www.example.com:443:0 server certificate does NOT include an ID which matches the server name
[Wed Sep 04 11:54:16.162955 2024] [mpm_winnt:notice] [pid 15756:tid 436] AH00455: Apache/2.4.58 (Win64) OpenSSL/3.1.3 PHP/8.2.12 configured -- resuming normal operations
[Wed Sep 04 11:54:16.162955 2024] [mpm_winnt:notice] [pid 15756:tid 436] AH00456: Apache Lounge VS17 Server built: Oct 18 2023 13:03:18
[Wed Sep 04 11:54:16.162955 2024] [core:notice] [pid 15756:tid 436] AH00094: Command line: 'c:\\xampp\\apache\\bin\\httpd.exe -d C:/xampp/apache'
[Wed Sep 04 11:54:16.165947 2024] [mpm_winnt:notice] [pid 15756:tid 436] AH00418: Parent: Created child process 8768
[Wed Sep 04 11:54:16.842468 2024] [ssl:warn] [pid 8768:tid 448] AH01909: www.example.com:443:0 server certificate does NOT include an ID which matches the server name
[Wed Sep 04 11:54:16.884356 2024] [ssl:warn] [pid 8768:tid 448] AH01909: www.example.com:443:0 server certificate does NOT include an ID which matches the server name
[Wed Sep 04 11:54:16.932227 2024] [mpm_winnt:notice] [pid 8768:tid 448] AH00354: Child: Starting 150 worker threads.
[Fri Sep 06 17:06:58.438832 2024] [ssl:warn] [pid 1448:tid 432] AH01909: www.example.com:443:0 server certificate does NOT include an ID which matches the server name
[Fri Sep 06 17:06:58.490693 2024] [core:warn] [pid 1448:tid 432] AH00098: pid file C:/xampp/apache/logs/httpd.pid overwritten -- Unclean shutdown of previous Apache run?
[Fri Sep 06 17:06:58.493685 2024] [ssl:warn] [pid 1448:tid 432] AH01909: www.example.com:443:0 server certificate does NOT include an ID which matches the server name
[Fri Sep 06 17:06:58.995343 2024] [mpm_winnt:notice] [pid 1448:tid 432] AH00455: Apache/2.4.58 (Win64) OpenSSL/3.1.3 PHP/8.2.12 configured -- resuming normal operations
[Fri Sep 06 17:06:58.995343 2024] [mpm_winnt:notice] [pid 1448:tid 432] AH00456: Apache Lounge VS17 Server built: Oct 18 2023 13:03:18
[Fri Sep 06 17:06:58.995343 2024] [core:notice] [pid 1448:tid 432] AH00094: Command line: 'c:\\xampp\\apache\\bin\\httpd.exe -d C:/xampp/apache'
[Fri Sep 06 17:06:58.999332 2024] [mpm_winnt:notice] [pid 1448:tid 432] AH00418: Parent: Created child process 9120
[Fri Sep 06 17:06:59.429611 2024] [ssl:warn] [pid 9120:tid 428] AH01909: www.example.com:443:0 server certificate does NOT include an ID which matches the server name
[Fri Sep 06 17:06:59.462494 2024] [ssl:warn] [pid 9120:tid 428] AH01909: www.example.com:443:0 server certificate does NOT include an ID which matches the server name
[Fri Sep 06 17:06:59.503439 2024] [mpm_winnt:notice] [pid 9120:tid 428] AH00354: Child: Starting 150 worker threads.
[Fri Sep 06 17:37:26.200002 2024] [php:error] [pid 9120:tid 1836] [client ::1:61382] script 'C:/xampp/htdocs/buscaFarma/api/adicionar_estabelecimento.php' not found or unable to stat
[Fri Sep 06 17:39:09.703035 2024] [ssl:warn] [pid 15096:tid 456] AH01909: www.example.com:443:0 server certificate does NOT include an ID which matches the server name
[Fri Sep 06 17:39:09.742929 2024] [core:warn] [pid 15096:tid 456] AH00098: pid file C:/xampp/apache/logs/httpd.pid overwritten -- Unclean shutdown of previous Apache run?
[Fri Sep 06 17:39:09.745922 2024] [ssl:warn] [pid 15096:tid 456] AH01909: www.example.com:443:0 server certificate does NOT include an ID which matches the server name
[Fri Sep 06 17:39:09.795788 2024] [mpm_winnt:notice] [pid 15096:tid 456] AH00455: Apache/2.4.58 (Win64) OpenSSL/3.1.3 PHP/8.2.12 configured -- resuming normal operations
[Fri Sep 06 17:39:09.795788 2024] [mpm_winnt:notice] [pid 15096:tid 456] AH00456: Apache Lounge VS17 Server built: Oct 18 2023 13:03:18
[Fri Sep 06 17:39:09.795788 2024] [core:notice] [pid 15096:tid 456] AH00094: Command line: 'c:\\xampp\\apache\\bin\\httpd.exe -d C:/xampp/apache'
[Fri Sep 06 17:39:09.798780 2024] [mpm_winnt:notice] [pid 15096:tid 456] AH00418: Parent: Created child process 18172
[Fri Sep 06 17:39:10.212675 2024] [ssl:warn] [pid 18172:tid 428] AH01909: www.example.com:443:0 server certificate does NOT include an ID which matches the server name
[Fri Sep 06 17:39:10.251569 2024] [ssl:warn] [pid 18172:tid 428] AH01909: www.example.com:443:0 server certificate does NOT include an ID which matches the server name
[Fri Sep 06 17:39:10.293457 2024] [mpm_winnt:notice] [pid 18172:tid 428] AH00354: Child: Starting 150 worker threads.
[Fri Sep 06 17:39:17.823402 2024] [php:error] [pid 18172:tid 1864] [client ::1:61405] script 'C:/xampp/htdocs/buscaFarma/api/adicionar_estabelecimento.php' not found or unable to stat
[Fri Sep 06 17:42:03.922624 2024] [php:error] [pid 18172:tid 1864] [client ::1:61428] script 'C:/xampp/htdocs/buscaFarma/api/adicionar_estabelecimento.php' not found or unable to stat
[Fri Sep 06 17:47:10.398674 2024] [php:warn] [pid 18172:tid 1852] [client ::1:61467] PHP Warning:  Undefined array key "nome_farmacia" in C:\\xampp\\htdocs\\buscaFarma\\api\\adicionar_estabelecimento.php on line 8
[Fri Sep 06 17:47:10.398674 2024] [php:warn] [pid 18172:tid 1852] [client ::1:61467] PHP Warning:  Undefined array key "endereco_farmacia" in C:\\xampp\\htdocs\\buscaFarma\\api\\adicionar_estabelecimento.php on line 9
[Fri Sep 06 17:47:10.398674 2024] [php:warn] [pid 18172:tid 1852] [client ::1:61467] PHP Warning:  Undefined array key "cidade" in C:\\xampp\\htdocs\\buscaFarma\\api\\adicionar_estabelecimento.php on line 10
[Fri Sep 06 17:47:10.399673 2024] [php:warn] [pid 18172:tid 1852] [client ::1:61467] PHP Warning:  Undefined array key "estado" in C:\\xampp\\htdocs\\buscaFarma\\api\\adicionar_estabelecimento.php on line 11
[Fri Sep 06 17:47:10.399673 2024] [php:warn] [pid 18172:tid 1852] [client ::1:61467] PHP Warning:  Undefined array key "telefone" in C:\\xampp\\htdocs\\buscaFarma\\api\\adicionar_estabelecimento.php on line 12
[Fri Sep 06 17:47:10.399673 2024] [php:warn] [pid 18172:tid 1852] [client ::1:61467] PHP Warning:  Undefined array key "email" in C:\\xampp\\htdocs\\buscaFarma\\api\\adicionar_estabelecimento.php on line 13
[Fri Sep 06 17:47:10.399673 2024] [php:warn] [pid 18172:tid 1852] [client ::1:61467] PHP Warning:  Undefined array key "horario_funcionamento" in C:\\xampp\\htdocs\\buscaFarma\\api\\adicionar_estabelecimento.php on line 14
[Fri Sep 06 17:48:59.271569 2024] [php:warn] [pid 18172:tid 1856] [client ::1:61517] PHP Warning:  Undefined array key "nome_farmacia" in C:\\xampp\\htdocs\\buscaFarma\\api\\adicionar_estabelecimento.php on line 8
[Fri Sep 06 17:48:59.271569 2024] [php:warn] [pid 18172:tid 1856] [client ::1:61517] PHP Warning:  Undefined array key "endereco_farmacia" in C:\\xampp\\htdocs\\buscaFarma\\api\\adicionar_estabelecimento.php on line 9
[Fri Sep 06 17:48:59.271569 2024] [php:warn] [pid 18172:tid 1856] [client ::1:61517] PHP Warning:  Undefined array key "cidade" in C:\\xampp\\htdocs\\buscaFarma\\api\\adicionar_estabelecimento.php on line 10
[Fri Sep 06 17:48:59.271569 2024] [php:warn] [pid 18172:tid 1856] [client ::1:61517] PHP Warning:  Undefined array key "estado" in C:\\xampp\\htdocs\\buscaFarma\\api\\adicionar_estabelecimento.php on line 11
[Fri Sep 06 17:48:59.271569 2024] [php:warn] [pid 18172:tid 1856] [client ::1:61517] PHP Warning:  Undefined array key "telefone" in C:\\xampp\\htdocs\\buscaFarma\\api\\adicionar_estabelecimento.php on line 12
[Fri Sep 06 17:48:59.271569 2024] [php:warn] [pid 18172:tid 1856] [client ::1:61517] PHP Warning:  Undefined array key "email" in C:\\xampp\\htdocs\\buscaFarma\\api\\adicionar_estabelecimento.php on line 13
[Fri Sep 06 17:48:59.271569 2024] [php:warn] [pid 18172:tid 1856] [client ::1:61517] PHP Warning:  Undefined array key "horario_funcionamento" in C:\\xampp\\htdocs\\buscaFarma\\api\\adicionar_estabelecimento.php on line 14
[Fri Sep 06 18:11:23.360335 2024] [php:warn] [pid 18172:tid 1840] [client ::1:61732] PHP Warning:  Undefined array key "id" in C:\\xampp\\htdocs\\buscaFarma\\api\\atualizar_estabelecimento.php on line 6
[Fri Sep 06 18:11:23.361335 2024] [php:warn] [pid 18172:tid 1840] [client ::1:61732] PHP Warning:  Undefined array key "nome_farmacia" in C:\\xampp\\htdocs\\buscaFarma\\api\\atualizar_estabelecimento.php on line 7
[Fri Sep 06 18:11:23.361335 2024] [php:warn] [pid 18172:tid 1840] [client ::1:61732] PHP Warning:  Undefined array key "endereco_farmacia" in C:\\xampp\\htdocs\\buscaFarma\\api\\atualizar_estabelecimento.php on line 8
[Fri Sep 06 18:11:23.361335 2024] [php:warn] [pid 18172:tid 1840] [client ::1:61732] PHP Warning:  Undefined array key "cidade" in C:\\xampp\\htdocs\\buscaFarma\\api\\atualizar_estabelecimento.php on line 9
[Fri Sep 06 18:11:23.361335 2024] [php:warn] [pid 18172:tid 1840] [client ::1:61732] PHP Warning:  Undefined array key "estado" in C:\\xampp\\htdocs\\buscaFarma\\api\\atualizar_estabelecimento.php on line 10
[Fri Sep 06 18:11:23.361335 2024] [php:warn] [pid 18172:tid 1840] [client ::1:61732] PHP Warning:  Undefined array key "telefone" in C:\\xampp\\htdocs\\buscaFarma\\api\\atualizar_estabelecimento.php on line 11
[Fri Sep 06 18:11:23.361335 2024] [php:warn] [pid 18172:tid 1840] [client ::1:61732] PHP Warning:  Undefined array key "email" in C:\\xampp\\htdocs\\buscaFarma\\api\\atualizar_estabelecimento.php on line 12
[Fri Sep 06 18:11:23.361335 2024] [php:warn] [pid 18172:tid 1840] [client ::1:61732] PHP Warning:  Undefined array key "horario_funcionamento" in C:\\xampp\\htdocs\\buscaFarma\\api\\atualizar_estabelecimento.php on line 13
[Fri Sep 06 18:11:23.361335 2024] [php:warn] [pid 18172:tid 1840] [client ::1:61732] PHP Warning:  Undefined variable $db in C:\\xampp\\htdocs\\buscaFarma\\api\\atualizar_estabelecimento.php on line 25
[Fri Sep 06 18:11:23.361335 2024] [php:error] [pid 18172:tid 1840] [client ::1:61732] PHP Fatal error:  Uncaught Error: Call to a member function prepare() on null in C:\\xampp\\htdocs\\buscaFarma\\api\\atualizar_estabelecimento.php:25\nStack trace:\n#0 {main}\n  thrown in C:\\xampp\\htdocs\\buscaFarma\\api\\atualizar_estabelecimento.php on line 25
[Fri Sep 06 18:19:34.110514 2024] [php:warn] [pid 18172:tid 1856] [client ::1:61789] PHP Warning:  Undefined array key "id" in C:\\xampp\\htdocs\\buscaFarma\\api\\atualizar_estabelecimento.php on line 6
[Fri Sep 06 18:19:34.110514 2024] [php:warn] [pid 18172:tid 1856] [client ::1:61789] PHP Warning:  Undefined array key "nome_farmacia" in C:\\xampp\\htdocs\\buscaFarma\\api\\atualizar_estabelecimento.php on line 7
[Fri Sep 06 18:19:34.110514 2024] [php:warn] [pid 18172:tid 1856] [client ::1:61789] PHP Warning:  Undefined array key "endereco_farmacia" in C:\\xampp\\htdocs\\buscaFarma\\api\\atualizar_estabelecimento.php on line 8
[Fri Sep 06 18:19:34.110514 2024] [php:warn] [pid 18172:tid 1856] [client ::1:61789] PHP Warning:  Undefined array key "cidade" in C:\\xampp\\htdocs\\buscaFarma\\api\\atualizar_estabelecimento.php on line 9
[Fri Sep 06 18:19:34.110514 2024] [php:warn] [pid 18172:tid 1856] [client ::1:61789] PHP Warning:  Undefined array key "estado" in C:\\xampp\\htdocs\\buscaFarma\\api\\atualizar_estabelecimento.php on line 10
[Fri Sep 06 18:19:34.110514 2024] [php:warn] [pid 18172:tid 1856] [client ::1:61789] PHP Warning:  Undefined array key "telefone" in C:\\xampp\\htdocs\\buscaFarma\\api\\atualizar_estabelecimento.php on line 11
[Fri Sep 06 18:19:34.110514 2024] [php:warn] [pid 18172:tid 1856] [client ::1:61789] PHP Warning:  Undefined array key "email" in C:\\xampp\\htdocs\\buscaFarma\\api\\atualizar_estabelecimento.php on line 12
[Fri Sep 06 18:19:34.110514 2024] [php:warn] [pid 18172:tid 1856] [client ::1:61789] PHP Warning:  Undefined array key "horario_funcionamento" in C:\\xampp\\htdocs\\buscaFarma\\api\\atualizar_estabelecimento.php on line 13
[Fri Sep 06 18:19:34.111511 2024] [php:warn] [pid 18172:tid 1856] [client ::1:61789] PHP Warning:  Undefined variable $db in C:\\xampp\\htdocs\\buscaFarma\\api\\atualizar_estabelecimento.php on line 25
[Fri Sep 06 18:19:34.111511 2024] [php:error] [pid 18172:tid 1856] [client ::1:61789] PHP Fatal error:  Uncaught Error: Call to a member function prepare() on null in C:\\xampp\\htdocs\\buscaFarma\\api\\atualizar_estabelecimento.php:25\nStack trace:\n#0 {main}\n  thrown in C:\\xampp\\htdocs\\buscaFarma\\api\\atualizar_estabelecimento.php on line 25
[Fri Sep 06 18:56:25.128678 2024] [php:warn] [pid 18172:tid 1856] [client ::1:62123] PHP Warning:  Undefined array key "nome" in C:\\xampp\\htdocs\\buscaFarma\\api\\cadastro_usuario.php on line 8
[Fri Sep 06 18:56:25.128678 2024] [php:warn] [pid 18172:tid 1856] [client ::1:62123] PHP Warning:  Undefined array key "sobrenome" in C:\\xampp\\htdocs\\buscaFarma\\api\\cadastro_usuario.php on line 9
[Fri Sep 06 18:56:25.128678 2024] [php:warn] [pid 18172:tid 1856] [client ::1:62123] PHP Warning:  Undefined array key "email" in C:\\xampp\\htdocs\\buscaFarma\\api\\cadastro_usuario.php on line 10
[Fri Sep 06 18:56:25.129674 2024] [php:warn] [pid 18172:tid 1856] [client ::1:62123] PHP Warning:  Undefined array key "cpf" in C:\\xampp\\htdocs\\buscaFarma\\api\\cadastro_usuario.php on line 11
[Fri Sep 06 18:56:25.129674 2024] [php:warn] [pid 18172:tid 1856] [client ::1:62123] PHP Warning:  Undefined array key "data_nascimento" in C:\\xampp\\htdocs\\buscaFarma\\api\\cadastro_usuario.php on line 12
[Fri Sep 06 18:57:52.641308 2024] [php:warn] [pid 18172:tid 1864] [client ::1:62145] PHP Warning:  Undefined array key "nome" in C:\\xampp\\htdocs\\buscaFarma\\api\\cadastro_usuario.php on line 8
[Fri Sep 06 18:57:52.641308 2024] [php:warn] [pid 18172:tid 1864] [client ::1:62145] PHP Warning:  Undefined array key "sobrenome" in C:\\xampp\\htdocs\\buscaFarma\\api\\cadastro_usuario.php on line 9
[Fri Sep 06 18:57:52.641308 2024] [php:warn] [pid 18172:tid 1864] [client ::1:62145] PHP Warning:  Undefined array key "email" in C:\\xampp\\htdocs\\buscaFarma\\api\\cadastro_usuario.php on line 10
[Fri Sep 06 18:57:52.641308 2024] [php:warn] [pid 18172:tid 1864] [client ::1:62145] PHP Warning:  Undefined array key "cpf" in C:\\xampp\\htdocs\\buscaFarma\\api\\cadastro_usuario.php on line 11
[Fri Sep 06 18:57:52.641308 2024] [php:warn] [pid 18172:tid 1864] [client ::1:62145] PHP Warning:  Undefined array key "data_nascimento" in C:\\xampp\\htdocs\\buscaFarma\\api\\cadastro_usuario.php on line 12
[Fri Sep 06 19:15:27.393584 2024] [php:warn] [pid 18172:tid 1856] [client ::1:62208] PHP Warning:  Undefined array key "nome" in C:\\xampp\\htdocs\\buscaFarma\\api\\cadastro_usuario.php on line 8
[Fri Sep 06 19:15:27.393584 2024] [php:warn] [pid 18172:tid 1856] [client ::1:62208] PHP Warning:  Undefined array key "sobrenome" in C:\\xampp\\htdocs\\buscaFarma\\api\\cadastro_usuario.php on line 9
[Fri Sep 06 19:15:27.393584 2024] [php:warn] [pid 18172:tid 1856] [client ::1:62208] PHP Warning:  Undefined array key "email" in C:\\xampp\\htdocs\\buscaFarma\\api\\cadastro_usuario.php on line 10
[Fri Sep 06 19:15:27.393584 2024] [php:warn] [pid 18172:tid 1856] [client ::1:62208] PHP Warning:  Undefined array key "cpf" in C:\\xampp\\htdocs\\buscaFarma\\api\\cadastro_usuario.php on line 11
[Fri Sep 06 19:15:27.394609 2024] [php:warn] [pid 18172:tid 1856] [client ::1:62208] PHP Warning:  Undefined array key "data_nascimento" in C:\\xampp\\htdocs\\buscaFarma\\api\\cadastro_usuario.php on line 12
[Fri Sep 06 19:15:52.981779 2024] [php:warn] [pid 18172:tid 1852] [client ::1:62214] PHP Warning:  Undefined array key "nome" in C:\\xampp\\htdocs\\buscaFarma\\api\\cadastro_usuario.php on line 8
[Fri Sep 06 19:15:52.981779 2024] [php:warn] [pid 18172:tid 1852] [client ::1:62214] PHP Warning:  Undefined array key "sobrenome" in C:\\xampp\\htdocs\\buscaFarma\\api\\cadastro_usuario.php on line 9
[Fri Sep 06 19:15:52.981779 2024] [php:warn] [pid 18172:tid 1852] [client ::1:62214] PHP Warning:  Undefined array key "email" in C:\\xampp\\htdocs\\buscaFarma\\api\\cadastro_usuario.php on line 10
[Fri Sep 06 19:15:52.981779 2024] [php:warn] [pid 18172:tid 1852] [client ::1:62214] PHP Warning:  Undefined array key "cpf" in C:\\xampp\\htdocs\\buscaFarma\\api\\cadastro_usuario.php on line 11
[Fri Sep 06 19:15:52.981779 2024] [php:warn] [pid 18172:tid 1852] [client ::1:62214] PHP Warning:  Undefined array key "data_nascimento" in C:\\xampp\\htdocs\\buscaFarma\\api\\cadastro_usuario.php on line 12
[Fri Sep 06 19:24:38.779783 2024] [php:error] [pid 18172:tid 1852] [client ::1:62300] PHP Fatal error:  Uncaught PDOException: SQLSTATE[42S22]: Column not found: 1054 Unknown column 'Data_nascimento' in 'field list' in C:\\xampp\\htdocs\\buscaFarma\\api\\cadastro_usuario.php:24\nStack trace:\n#0 C:\\xampp\\htdocs\\buscaFarma\\api\\cadastro_usuario.php(24): PDOStatement->execute()\n#1 {main}\n  thrown in C:\\xampp\\htdocs\\buscaFarma\\api\\cadastro_usuario.php on line 24
[Fri Sep 06 19:24:54.984500 2024] [php:error] [pid 18172:tid 1856] [client ::1:62304] PHP Fatal error:  Uncaught PDOException: SQLSTATE[42S22]: Column not found: 1054 Unknown column 'data_nascimento' in 'field list' in C:\\xampp\\htdocs\\buscaFarma\\api\\cadastro_usuario.php:24\nStack trace:\n#0 C:\\xampp\\htdocs\\buscaFarma\\api\\cadastro_usuario.php(24): PDOStatement->execute()\n#1 {main}\n  thrown in C:\\xampp\\htdocs\\buscaFarma\\api\\cadastro_usuario.php on line 24
[Fri Sep 06 20:35:51.501063 2024] [ssl:warn] [pid 7272:tid 424] AH01909: www.example.com:443:0 server certificate does NOT include an ID which matches the server name
[Fri Sep 06 20:35:51.535152 2024] [core:warn] [pid 7272:tid 424] AH00098: pid file C:/xampp/apache/logs/httpd.pid overwritten -- Unclean shutdown of previous Apache run?
[Fri Sep 06 20:35:51.538144 2024] [ssl:warn] [pid 7272:tid 424] AH01909: www.example.com:443:0 server certificate does NOT include an ID which matches the server name
[Fri Sep 06 20:35:51.578200 2024] [mpm_winnt:notice] [pid 7272:tid 424] AH00455: Apache/2.4.58 (Win64) OpenSSL/3.1.3 PHP/8.2.12 configured -- resuming normal operations
[Fri Sep 06 20:35:51.578200 2024] [mpm_winnt:notice] [pid 7272:tid 424] AH00456: Apache Lounge VS17 Server built: Oct 18 2023 13:03:18
[Fri Sep 06 20:35:51.578200 2024] [core:notice] [pid 7272:tid 424] AH00094: Command line: 'c:\\xampp\\apache\\bin\\httpd.exe -d C:/xampp/apache'
[Fri Sep 06 20:35:51.581192 2024] [mpm_winnt:notice] [pid 7272:tid 424] AH00418: Parent: Created child process 2600
[Fri Sep 06 20:35:52.081315 2024] [ssl:warn] [pid 2600:tid 440] AH01909: www.example.com:443:0 server certificate does NOT include an ID which matches the server name
[Fri Sep 06 20:35:52.117729 2024] [ssl:warn] [pid 2600:tid 440] AH01909: www.example.com:443:0 server certificate does NOT include an ID which matches the server name
[Fri Sep 06 20:35:52.158619 2024] [mpm_winnt:notice] [pid 2600:tid 440] AH00354: Child: Starting 150 worker threads.
[Fri Sep 06 21:40:35.422764 2024] [php:warn] [pid 2600:tid 1848] [client ::1:64001] PHP Warning:  Undefined array key "nome_usuario" in C:\\xampp\\htdocs\\buscaFarma\\api\\cadastro_usuario.php on line 8
[Fri Sep 06 21:40:35.422764 2024] [php:warn] [pid 2600:tid 1848] [client ::1:64001] PHP Warning:  Undefined array key "sobrenome_usuario" in C:\\xampp\\htdocs\\buscaFarma\\api\\cadastro_usuario.php on line 9
[Fri Sep 06 21:40:35.422764 2024] [php:warn] [pid 2600:tid 1848] [client ::1:64001] PHP Warning:  Undefined array key "email_usuario" in C:\\xampp\\htdocs\\buscaFarma\\api\\cadastro_usuario.php on line 10
[Fri Sep 06 21:40:35.422764 2024] [php:warn] [pid 2600:tid 1848] [client ::1:64001] PHP Warning:  Undefined array key "cpf_usuario" in C:\\xampp\\htdocs\\buscaFarma\\api\\cadastro_usuario.php on line 11
[Fri Sep 06 21:40:35.422764 2024] [php:warn] [pid 2600:tid 1848] [client ::1:64001] PHP Warning:  Undefined array key "data_nascimento" in C:\\xampp\\htdocs\\buscaFarma\\api\\cadastro_usuario.php on line 12
[Fri Sep 06 21:40:35.423760 2024] [php:warn] [pid 2600:tid 1848] [client ::1:64001] PHP Warning:  Undefined array key "senha" in C:\\xampp\\htdocs\\buscaFarma\\api\\cadastro_usuario.php on line 13
[Fri Sep 06 21:40:35.487590 2024] [php:warn] [pid 2600:tid 1848] [client ::1:64001] PHP Warning:  Undefined variable $pdo in C:\\xampp\\htdocs\\buscaFarma\\api\\cadastro_usuario.php on line 17
[Fri Sep 06 21:40:35.487590 2024] [php:error] [pid 2600:tid 1848] [client ::1:64001] PHP Fatal error:  Uncaught Error: Call to a member function prepare() on null in C:\\xampp\\htdocs\\buscaFarma\\api\\cadastro_usuario.php:17\nStack trace:\n#0 {main}\n  thrown in C:\\xampp\\htdocs\\buscaFarma\\api\\cadastro_usuario.php on line 17
[Fri Sep 06 21:42:50.726933 2024] [php:warn] [pid 2600:tid 1844] [client ::1:64067] PHP Warning:  Undefined array key "nome_usuario" in C:\\xampp\\htdocs\\buscaFarma\\api\\cadastro_usuario.php on line 8
[Fri Sep 06 21:42:50.726933 2024] [php:warn] [pid 2600:tid 1844] [client ::1:64067] PHP Warning:  Undefined array key "sobrenome_usuario" in C:\\xampp\\htdocs\\buscaFarma\\api\\cadastro_usuario.php on line 9
[Fri Sep 06 21:42:50.727490 2024] [php:warn] [pid 2600:tid 1844] [client ::1:64067] PHP Warning:  Undefined array key "email_usuario" in C:\\xampp\\htdocs\\buscaFarma\\api\\cadastro_usuario.php on line 10
[Fri Sep 06 21:42:50.727490 2024] [php:warn] [pid 2600:tid 1844] [client ::1:64067] PHP Warning:  Undefined array key "cpf_usuario" in C:\\xampp\\htdocs\\buscaFarma\\api\\cadastro_usuario.php on line 11
[Fri Sep 06 21:42:50.727490 2024] [php:warn] [pid 2600:tid 1844] [client ::1:64067] PHP Warning:  Undefined array key "data_nascimento" in C:\\xampp\\htdocs\\buscaFarma\\api\\cadastro_usuario.php on line 12
[Fri Sep 06 21:42:50.727490 2024] [php:warn] [pid 2600:tid 1844] [client ::1:64067] PHP Warning:  Undefined array key "senha" in C:\\xampp\\htdocs\\buscaFarma\\api\\cadastro_usuario.php on line 13
[Fri Sep 06 21:42:50.794408 2024] [php:warn] [pid 2600:tid 1844] [client ::1:64067] PHP Warning:  Undefined variable $pdo in C:\\xampp\\htdocs\\buscaFarma\\api\\cadastro_usuario.php on line 17
[Fri Sep 06 21:42:50.794408 2024] [php:error] [pid 2600:tid 1844] [client ::1:64067] PHP Fatal error:  Uncaught Error: Call to a member function prepare() on null in C:\\xampp\\htdocs\\buscaFarma\\api\\cadastro_usuario.php:17\nStack trace:\n#0 {main}\n  thrown in C:\\xampp\\htdocs\\buscaFarma\\api\\cadastro_usuario.php on line 17
[Fri Sep 06 21:43:17.583927 2024] [php:warn] [pid 2600:tid 1836] [client ::1:64076] PHP Warning:  Undefined array key "nome_usuario" in C:\\xampp\\htdocs\\buscaFarma\\api\\cadastro_usuario.php on line 8
[Fri Sep 06 21:43:17.583927 2024] [php:warn] [pid 2600:tid 1836] [client ::1:64076] PHP Warning:  Undefined array key "sobrenome_usuario" in C:\\xampp\\htdocs\\buscaFarma\\api\\cadastro_usuario.php on line 9
[Fri Sep 06 21:43:17.583927 2024] [php:warn] [pid 2600:tid 1836] [client ::1:64076] PHP Warning:  Undefined array key "email_usuario" in C:\\xampp\\htdocs\\buscaFarma\\api\\cadastro_usuario.php on line 10
[Fri Sep 06 21:43:17.583927 2024] [php:warn] [pid 2600:tid 1836] [client ::1:64076] PHP Warning:  Undefined array key "cpf_usuario" in C:\\xampp\\htdocs\\buscaFarma\\api\\cadastro_usuario.php on line 11
[Fri Sep 06 21:43:17.583927 2024] [php:warn] [pid 2600:tid 1836] [client ::1:64076] PHP Warning:  Undefined array key "data_nascimento" in C:\\xampp\\htdocs\\buscaFarma\\api\\cadastro_usuario.php on line 12
[Fri Sep 06 21:43:17.584925 2024] [php:warn] [pid 2600:tid 1836] [client ::1:64076] PHP Warning:  Undefined array key "senha" in C:\\xampp\\htdocs\\buscaFarma\\api\\cadastro_usuario.php on line 13
[Fri Sep 06 21:43:17.650750 2024] [php:warn] [pid 2600:tid 1836] [client ::1:64076] PHP Warning:  Undefined variable $pdo in C:\\xampp\\htdocs\\buscaFarma\\api\\cadastro_usuario.php on line 17
[Fri Sep 06 21:43:17.651747 2024] [php:error] [pid 2600:tid 1836] [client ::1:64076] PHP Fatal error:  Uncaught Error: Call to a member function prepare() on null in C:\\xampp\\htdocs\\buscaFarma\\api\\cadastro_usuario.php:17\nStack trace:\n#0 {main}\n  thrown in C:\\xampp\\htdocs\\buscaFarma\\api\\cadastro_usuario.php on line 17
[Fri Sep 06 21:46:11.476825 2024] [php:warn] [pid 2600:tid 1844] [client ::1:64115] PHP Warning:  Undefined array key "nome_usuario" in C:\\xampp\\htdocs\\buscaFarma\\api\\cadastro_usuario.php on line 8
[Fri Sep 06 21:46:11.477348 2024] [php:warn] [pid 2600:tid 1844] [client ::1:64115] PHP Warning:  Undefined array key "sobrenome_usuario" in C:\\xampp\\htdocs\\buscaFarma\\api\\cadastro_usuario.php on line 9
[Fri Sep 06 21:46:11.477348 2024] [php:warn] [pid 2600:tid 1844] [client ::1:64115] PHP Warning:  Undefined array key "email_usuario" in C:\\xampp\\htdocs\\buscaFarma\\api\\cadastro_usuario.php on line 10
[Fri Sep 06 21:46:11.477874 2024] [php:warn] [pid 2600:tid 1844] [client ::1:64115] PHP Warning:  Undefined array key "cpf_usuario" in C:\\xampp\\htdocs\\buscaFarma\\api\\cadastro_usuario.php on line 11
[Fri Sep 06 21:46:11.477874 2024] [php:warn] [pid 2600:tid 1844] [client ::1:64115] PHP Warning:  Undefined array key "data_nascimento" in C:\\xampp\\htdocs\\buscaFarma\\api\\cadastro_usuario.php on line 12
[Fri Sep 06 21:46:11.477874 2024] [php:warn] [pid 2600:tid 1844] [client ::1:64115] PHP Warning:  Undefined array key "senha" in C:\\xampp\\htdocs\\buscaFarma\\api\\cadastro_usuario.php on line 13
[Fri Sep 06 21:46:11.542812 2024] [php:warn] [pid 2600:tid 1844] [client ::1:64115] PHP Warning:  Undefined variable $pdo in C:\\xampp\\htdocs\\buscaFarma\\api\\cadastro_usuario.php on line 17
[Fri Sep 06 21:46:11.542812 2024] [php:error] [pid 2600:tid 1844] [client ::1:64115] PHP Fatal error:  Uncaught Error: Call to a member function prepare() on null in C:\\xampp\\htdocs\\buscaFarma\\api\\cadastro_usuario.php:17\nStack trace:\n#0 {main}\n  thrown in C:\\xampp\\htdocs\\buscaFarma\\api\\cadastro_usuario.php on line 17
[Fri Sep 06 21:48:02.978755 2024] [php:warn] [pid 2600:tid 1836] [client ::1:64148] PHP Warning:  Undefined array key "nome_usuario" in C:\\xampp\\htdocs\\buscaFarma\\api\\cadastro_usuario.php on line 8
[Fri Sep 06 21:48:02.978755 2024] [php:warn] [pid 2600:tid 1836] [client ::1:64148] PHP Warning:  Undefined array key "sobrenome_usuario" in C:\\xampp\\htdocs\\buscaFarma\\api\\cadastro_usuario.php on line 9
[Fri Sep 06 21:48:02.978755 2024] [php:warn] [pid 2600:tid 1836] [client ::1:64148] PHP Warning:  Undefined array key "email_usuario" in C:\\xampp\\htdocs\\buscaFarma\\api\\cadastro_usuario.php on line 10
[Fri Sep 06 21:48:02.978755 2024] [php:warn] [pid 2600:tid 1836] [client ::1:64148] PHP Warning:  Undefined array key "cpf_usuario" in C:\\xampp\\htdocs\\buscaFarma\\api\\cadastro_usuario.php on line 11
[Fri Sep 06 21:48:02.978755 2024] [php:warn] [pid 2600:tid 1836] [client ::1:64148] PHP Warning:  Undefined array key "data_nascimento" in C:\\xampp\\htdocs\\buscaFarma\\api\\cadastro_usuario.php on line 12
[Fri Sep 06 21:48:02.979754 2024] [php:warn] [pid 2600:tid 1836] [client ::1:64148] PHP Warning:  Undefined array key "senha" in C:\\xampp\\htdocs\\buscaFarma\\api\\cadastro_usuario.php on line 13
[Fri Sep 06 21:48:03.042584 2024] [php:warn] [pid 2600:tid 1836] [client ::1:64148] PHP Warning:  Undefined variable $pdo in C:\\xampp\\htdocs\\buscaFarma\\api\\cadastro_usuario.php on line 17
[Fri Sep 06 21:48:03.042584 2024] [php:error] [pid 2600:tid 1836] [client ::1:64148] PHP Fatal error:  Uncaught Error: Call to a member function prepare() on null in C:\\xampp\\htdocs\\buscaFarma\\api\\cadastro_usuario.php:17\nStack trace:\n#0 {main}\n  thrown in C:\\xampp\\htdocs\\buscaFarma\\api\\cadastro_usuario.php on line 17
[Fri Sep 06 21:50:07.510311 2024] [php:warn] [pid 2600:tid 1828] [client ::1:64231] PHP Warning:  Undefined array key "nome_usuario" in C:\\xampp\\htdocs\\buscaFarma\\api\\cadastro_usuario.php on line 8
[Fri Sep 06 21:50:07.510311 2024] [php:warn] [pid 2600:tid 1828] [client ::1:64231] PHP Warning:  Undefined array key "sobrenome_usuario" in C:\\xampp\\htdocs\\buscaFarma\\api\\cadastro_usuario.php on line 9
[Fri Sep 06 21:50:07.511311 2024] [php:warn] [pid 2600:tid 1828] [client ::1:64231] PHP Warning:  Undefined array key "email_usuario" in C:\\xampp\\htdocs\\buscaFarma\\api\\cadastro_usuario.php on line 10
[Fri Sep 06 21:50:07.511311 2024] [php:warn] [pid 2600:tid 1828] [client ::1:64231] PHP Warning:  Undefined array key "cpf_usuario" in C:\\xampp\\htdocs\\buscaFarma\\api\\cadastro_usuario.php on line 11
[Fri Sep 06 21:50:07.511311 2024] [php:warn] [pid 2600:tid 1828] [client ::1:64231] PHP Warning:  Undefined array key "data_nascimento" in C:\\xampp\\htdocs\\buscaFarma\\api\\cadastro_usuario.php on line 12
[Fri Sep 06 21:50:07.511311 2024] [php:warn] [pid 2600:tid 1828] [client ::1:64231] PHP Warning:  Undefined array key "senha" in C:\\xampp\\htdocs\\buscaFarma\\api\\cadastro_usuario.php on line 13
[Fri Sep 06 21:50:07.571150 2024] [php:warn] [pid 2600:tid 1828] [client ::1:64231] PHP Warning:  Undefined variable $pdo in C:\\xampp\\htdocs\\buscaFarma\\api\\cadastro_usuario.php on line 17
[Fri Sep 06 21:50:07.571150 2024] [php:error] [pid 2600:tid 1828] [client ::1:64231] PHP Fatal error:  Uncaught Error: Call to a member function prepare() on null in C:\\xampp\\htdocs\\buscaFarma\\api\\cadastro_usuario.php:17\nStack trace:\n#0 {main}\n  thrown in C:\\xampp\\htdocs\\buscaFarma\\api\\cadastro_usuario.php on line 17
[Fri Sep 06 21:50:16.458460 2024] [php:warn] [pid 2600:tid 1828] [client ::1:64236] PHP Warning:  Undefined array key "nome_usuario" in C:\\xampp\\htdocs\\buscaFarma\\api\\cadastro_usuario.php on line 8
[Fri Sep 06 21:50:16.458460 2024] [php:warn] [pid 2600:tid 1828] [client ::1:64236] PHP Warning:  Undefined array key "sobrenome_usuario" in C:\\xampp\\htdocs\\buscaFarma\\api\\cadastro_usuario.php on line 9
[Fri Sep 06 21:50:16.458460 2024] [php:warn] [pid 2600:tid 1828] [client ::1:64236] PHP Warning:  Undefined array key "email_usuario" in C:\\xampp\\htdocs\\buscaFarma\\api\\cadastro_usuario.php on line 10
[Fri Sep 06 21:50:16.458460 2024] [php:warn] [pid 2600:tid 1828] [client ::1:64236] PHP Warning:  Undefined array key "cpf_usuario" in C:\\xampp\\htdocs\\buscaFarma\\api\\cadastro_usuario.php on line 11
[Fri Sep 06 21:50:16.458460 2024] [php:warn] [pid 2600:tid 1828] [client ::1:64236] PHP Warning:  Undefined array key "data_nascimento" in C:\\xampp\\htdocs\\buscaFarma\\api\\cadastro_usuario.php on line 12
[Fri Sep 06 21:50:16.458460 2024] [php:warn] [pid 2600:tid 1828] [client ::1:64236] PHP Warning:  Undefined array key "senha" in C:\\xampp\\htdocs\\buscaFarma\\api\\cadastro_usuario.php on line 13
[Fri Sep 06 21:50:16.538759 2024] [php:warn] [pid 2600:tid 1828] [client ::1:64236] PHP Warning:  Undefined variable $pdo in C:\\xampp\\htdocs\\buscaFarma\\api\\cadastro_usuario.php on line 17
[Fri Sep 06 21:50:16.539758 2024] [php:error] [pid 2600:tid 1828] [client ::1:64236] PHP Fatal error:  Uncaught Error: Call to a member function prepare() on null in C:\\xampp\\htdocs\\buscaFarma\\api\\cadastro_usuario.php:17\nStack trace:\n#0 {main}\n  thrown in C:\\xampp\\htdocs\\buscaFarma\\api\\cadastro_usuario.php on line 17
[Fri Sep 06 21:52:41.374078 2024] [php:warn] [pid 2600:tid 1844] [client ::1:64281] PHP Warning:  Undefined array key "nome_usuario" in C:\\xampp\\htdocs\\buscaFarma\\api\\cadastro_usuario.php on line 8
[Fri Sep 06 21:52:41.374078 2024] [php:warn] [pid 2600:tid 1844] [client ::1:64281] PHP Warning:  Undefined array key "sobrenome_usuario" in C:\\xampp\\htdocs\\buscaFarma\\api\\cadastro_usuario.php on line 9
[Fri Sep 06 21:52:41.374078 2024] [php:warn] [pid 2600:tid 1844] [client ::1:64281] PHP Warning:  Undefined array key "email_usuario" in C:\\xampp\\htdocs\\buscaFarma\\api\\cadastro_usuario.php on line 10
[Fri Sep 06 21:52:41.375075 2024] [php:warn] [pid 2600:tid 1844] [client ::1:64281] PHP Warning:  Undefined array key "cpf_usuario" in C:\\xampp\\htdocs\\buscaFarma\\api\\cadastro_usuario.php on line 11
[Fri Sep 06 21:52:41.375075 2024] [php:warn] [pid 2600:tid 1844] [client ::1:64281] PHP Warning:  Undefined array key "data_nascimento" in C:\\xampp\\htdocs\\buscaFarma\\api\\cadastro_usuario.php on line 12
[Fri Sep 06 21:52:41.375075 2024] [php:warn] [pid 2600:tid 1844] [client ::1:64281] PHP Warning:  Undefined array key "senha" in C:\\xampp\\htdocs\\buscaFarma\\api\\cadastro_usuario.php on line 13
[Fri Sep 06 21:52:41.434914 2024] [php:error] [pid 2600:tid 1844] [client ::1:64281] PHP Fatal error:  Uncaught PDOException: SQLSTATE[42S22]: Column not found: 1054 Unknown column 'senha_hash' in 'field list' in C:\\xampp\\htdocs\\buscaFarma\\api\\cadastro_usuario.php:18\nStack trace:\n#0 C:\\xampp\\htdocs\\buscaFarma\\api\\cadastro_usuario.php(18): PDOStatement->execute(Array)\n#1 {main}\n  thrown in C:\\xampp\\htdocs\\buscaFarma\\api\\cadastro_usuario.php on line 18
[Fri Sep 06 21:54:11.988277 2024] [php:warn] [pid 2600:tid 1836] [client ::1:64293] PHP Warning:  Undefined array key "nome_usuario" in C:\\xampp\\htdocs\\buscaFarma\\api\\cadastro_usuario.php on line 8
[Fri Sep 06 21:54:11.988277 2024] [php:warn] [pid 2600:tid 1836] [client ::1:64293] PHP Warning:  Undefined array key "sobrenome_usuario" in C:\\xampp\\htdocs\\buscaFarma\\api\\cadastro_usuario.php on line 9
[Fri Sep 06 21:54:11.988277 2024] [php:warn] [pid 2600:tid 1836] [client ::1:64293] PHP Warning:  Undefined array key "email_usuario" in C:\\xampp\\htdocs\\buscaFarma\\api\\cadastro_usuario.php on line 10
[Fri Sep 06 21:54:11.988277 2024] [php:warn] [pid 2600:tid 1836] [client ::1:64293] PHP Warning:  Undefined array key "cpf_usuario" in C:\\xampp\\htdocs\\buscaFarma\\api\\cadastro_usuario.php on line 11
[Fri Sep 06 21:54:11.989274 2024] [php:warn] [pid 2600:tid 1836] [client ::1:64293] PHP Warning:  Undefined array key "data_nascimento" in C:\\xampp\\htdocs\\buscaFarma\\api\\cadastro_usuario.php on line 12
[Fri Sep 06 21:54:11.989274 2024] [php:warn] [pid 2600:tid 1836] [client ::1:64293] PHP Warning:  Undefined array key "senha" in C:\\xampp\\htdocs\\buscaFarma\\api\\cadastro_usuario.php on line 13
[Fri Sep 06 21:54:12.053104 2024] [php:error] [pid 2600:tid 1836] [client ::1:64293] PHP Fatal error:  Uncaught PDOException: SQLSTATE[42S22]: Column not found: 1054 Unknown column 'senha_hash' in 'field list' in C:\\xampp\\htdocs\\buscaFarma\\api\\cadastro_usuario.php:18\nStack trace:\n#0 C:\\xampp\\htdocs\\buscaFarma\\api\\cadastro_usuario.php(18): PDOStatement->execute(Array)\n#1 {main}\n  thrown in C:\\xampp\\htdocs\\buscaFarma\\api\\cadastro_usuario.php on line 18
[Fri Sep 06 21:59:44.294824 2024] [php:error] [pid 2600:tid 1844] [client ::1:64364] PHP Fatal error:  Uncaught PDOException: SQLSTATE[42S22]: Column not found: 1054 Unknown column 'senha_hash' in 'field list' in C:\\xampp\\htdocs\\buscaFarma\\api\\cadastro_usuario.php:27\nStack trace:\n#0 C:\\xampp\\htdocs\\buscaFarma\\api\\cadastro_usuario.php(27): PDOStatement->execute()\n#1 {main}\n  thrown in C:\\xampp\\htdocs\\buscaFarma\\api\\cadastro_usuario.php on line 27
[Fri Sep 06 22:03:00.911974 2024] [php:error] [pid 2600:tid 1848] [client ::1:64417] PHP Fatal error:  Uncaught PDOException: SQLSTATE[42S22]: Column not found: 1054 Unknown column 'senha_hash' in 'field list' in C:\\xampp\\htdocs\\buscaFarma\\api\\cadastro_usuario.php:23\nStack trace:\n#0 C:\\xampp\\htdocs\\buscaFarma\\api\\cadastro_usuario.php(23): PDOStatement->execute()\n#1 {main}\n  thrown in C:\\xampp\\htdocs\\buscaFarma\\api\\cadastro_usuario.php on line 23
[Sat Sep 07 17:42:22.077404 2024] [php:warn] [pid 2600:tid 1848] [client ::1:49879] PHP Warning:  Undefined array key "nome_usuario" in C:\\xampp\\htdocs\\buscaFarma\\api\\cadastro_usuario.php on line 8
[Sat Sep 07 17:42:22.077404 2024] [php:warn] [pid 2600:tid 1848] [client ::1:49879] PHP Warning:  Undefined array key "sobrenome_usuario" in C:\\xampp\\htdocs\\buscaFarma\\api\\cadastro_usuario.php on line 9
[Sat Sep 07 17:42:22.078401 2024] [php:warn] [pid 2600:tid 1848] [client ::1:49879] PHP Warning:  Undefined array key "email_usuario" in C:\\xampp\\htdocs\\buscaFarma\\api\\cadastro_usuario.php on line 10
[Sat Sep 07 17:42:22.078401 2024] [php:warn] [pid 2600:tid 1848] [client ::1:49879] PHP Warning:  Undefined array key "cpf_usuario" in C:\\xampp\\htdocs\\buscaFarma\\api\\cadastro_usuario.php on line 11
[Sat Sep 07 17:42:22.078401 2024] [php:warn] [pid 2600:tid 1848] [client ::1:49879] PHP Warning:  Undefined array key "data_nascimento" in C:\\xampp\\htdocs\\buscaFarma\\api\\cadastro_usuario.php on line 12
[Sat Sep 07 17:42:22.078401 2024] [php:warn] [pid 2600:tid 1848] [client ::1:49879] PHP Warning:  Undefined array key "nickname_usuario" in C:\\xampp\\htdocs\\buscaFarma\\api\\cadastro_usuario.php on line 13
[Sat Sep 07 17:42:22.078401 2024] [php:warn] [pid 2600:tid 1848] [client ::1:49879] PHP Warning:  Undefined array key "senha" in C:\\xampp\\htdocs\\buscaFarma\\api\\cadastro_usuario.php on line 14
[Sat Sep 07 17:42:22.137243 2024] [php:warn] [pid 2600:tid 1848] [client ::1:49879] PHP Warning:  Undefined variable $pdo in C:\\xampp\\htdocs\\buscaFarma\\api\\cadastro_usuario.php on line 19
[Sat Sep 07 17:42:22.138241 2024] [php:error] [pid 2600:tid 1848] [client ::1:49879] PHP Fatal error:  Uncaught Error: Call to a member function prepare() on null in C:\\xampp\\htdocs\\buscaFarma\\api\\cadastro_usuario.php:19\nStack trace:\n#0 {main}\n  thrown in C:\\xampp\\htdocs\\buscaFarma\\api\\cadastro_usuario.php on line 19
[Sat Sep 07 17:48:26.188111 2024] [php:error] [pid 2600:tid 1824] [client ::1:49978] PHP Fatal error:  Uncaught PDOException: SQLSTATE[23000]: Integrity constraint violation: 1048 Column 'password_usuario' cannot be null in C:\\xampp\\htdocs\\buscaFarma\\api\\cadastro_usuario.php:40\nStack trace:\n#0 C:\\xampp\\htdocs\\buscaFarma\\api\\cadastro_usuario.php(40): PDOStatement->execute()\n#1 {main}\n  thrown in C:\\xampp\\htdocs\\buscaFarma\\api\\cadastro_usuario.php on line 40
[Sat Sep 07 18:19:26.512315 2024] [php:error] [pid 2600:tid 1844] [client ::1:50244] PHP Fatal error:  Uncaught PDOException: SQLSTATE[42S02]: Base table or view not found: 1146 Table 'buscafarma.usuario' doesn't exist in C:\\xampp\\htdocs\\buscaFarma\\api\\deletar_usuario.php:20\nStack trace:\n#0 C:\\xampp\\htdocs\\buscaFarma\\api\\deletar_usuario.php(20): PDOStatement->execute()\n#1 {main}\n  thrown in C:\\xampp\\htdocs\\buscaFarma\\api\\deletar_usuario.php on line 20
[Mon Sep 09 17:05:37.331904 2024] [ssl:warn] [pid 4072:tid 428] AH01909: www.example.com:443:0 server certificate does NOT include an ID which matches the server name
[Mon Sep 09 17:05:37.376784 2024] [core:warn] [pid 4072:tid 428] AH00098: pid file C:/xampp/apache/logs/httpd.pid overwritten -- Unclean shutdown of previous Apache run?
[Mon Sep 09 17:05:37.379777 2024] [ssl:warn] [pid 4072:tid 428] AH01909: www.example.com:443:0 server certificate does NOT include an ID which matches the server name
[Mon Sep 09 17:05:37.786688 2024] [mpm_winnt:notice] [pid 4072:tid 428] AH00455: Apache/2.4.58 (Win64) OpenSSL/3.1.3 PHP/8.2.12 configured -- resuming normal operations
[Mon Sep 09 17:05:37.786688 2024] [mpm_winnt:notice] [pid 4072:tid 428] AH00456: Apache Lounge VS17 Server built: Oct 18 2023 13:03:18
[Mon Sep 09 17:05:37.786688 2024] [core:notice] [pid 4072:tid 428] AH00094: Command line: 'c:\\xampp\\apache\\bin\\httpd.exe -d C:/xampp/apache'
[Mon Sep 09 17:05:37.790680 2024] [mpm_winnt:notice] [pid 4072:tid 428] AH00418: Parent: Created child process 15176
[Mon Sep 09 17:05:38.209557 2024] [ssl:warn] [pid 15176:tid 456] AH01909: www.example.com:443:0 server certificate does NOT include an ID which matches the server name
[Mon Sep 09 17:05:38.251447 2024] [ssl:warn] [pid 15176:tid 456] AH01909: www.example.com:443:0 server certificate does NOT include an ID which matches the server name
[Mon Sep 09 17:05:38.298320 2024] [mpm_winnt:notice] [pid 15176:tid 456] AH00354: Child: Starting 150 worker threads.
[Mon Sep 09 17:06:30.968354 2024] [php:error] [pid 15176:tid 1852] [client ::1:59546] script 'C:/xampp/htdocs/buscaFarma/api/deletar_usuario.php' not found or unable to stat
[Tue Sep 10 16:19:27.366929 2024] [php:error] [pid 15176:tid 1860] [client ::1:64846] script 'C:/xampp/htdocs/buscaFarma/api/delete_usuario.php' not found or unable to stat
[Tue Sep 10 16:55:43.551930 2024] [php:error] [pid 15176:tid 1848] [client ::1:65298] PHP Fatal error:  Uncaught PDOException: SQLSTATE[42S22]: Column not found: 1054 Unknown column 'reset_expiration' in 'where clause' in C:\\xampp\\htdocs\\buscaFarma\\api\\redefinir_senha_usuario.php:19\nStack trace:\n#0 C:\\xampp\\htdocs\\buscaFarma\\api\\redefinir_senha_usuario.php(19): PDOStatement->execute()\n#1 {main}\n  thrown in C:\\xampp\\htdocs\\buscaFarma\\api\\redefinir_senha_usuario.php on line 19
[Tue Sep 10 17:05:27.365113 2024] [php:error] [pid 15176:tid 1860] [client ::1:65350] PHP Fatal error:  Uncaught PDOException: SQLSTATE[42S22]: Column not found: 1054 Unknown column 'reset_expiration' in 'where clause' in C:\\xampp\\htdocs\\buscaFarma\\api\\redefinir_senha_usuario.php:19\nStack trace:\n#0 C:\\xampp\\htdocs\\buscaFarma\\api\\redefinir_senha_usuario.php(19): PDOStatement->execute()\n#1 {main}\n  thrown in C:\\xampp\\htdocs\\buscaFarma\\api\\redefinir_senha_usuario.php on line 19
